wear/build/intermediates/manifest_merge_blame_file/debug/manifest-merger-blame-debug-report.txt
1<?xml version="1.0" encoding="utf-8"?>
2<manifest xmlns:android="http://schemas.android.com/apk/res/android"
3    package="com.deezerwatch.app"
4    android:versionCode="1"
5    android:versionName="1.0" >
6
7    <uses-sdk
8        android:minSdkVersion="30"
9        android:targetSdkVersion="33" />
10
11    <uses-feature android:name="android.hardware.type.watch" />
11-->src\main\AndroidManifest.xml:4:5-64
11-->src\main\AndroidManifest.xml:4:19-61
12
13    <application
13-->src\main\AndroidManifest.xml:6:5-24:19
14        android:allowBackup="false"
14-->src\main\AndroidManifest.xml:7:9-36
15        android:appComponentFactory="androidx.core.app.CoreComponentFactory"
15-->[androidx.core:core:1.6.0] AndroidManifest.xml:24:18-86
16        android:debuggable="true"
17        android:extractNativeLibs="false"
18        android:label="@string/app_name"
18-->src\main\AndroidManifest.xml:8:9-41
19        android:theme="@android:style/Theme.DeviceDefault.NoActionBar" >
19-->src\main\AndroidManifest.xml:9:9-71
20
21        <!-- Needs the paired phone: playlists and playback both go through it -->
22        <meta-data
22-->src\main\AndroidManifest.xml:12:9-14:37
23            android:name="com.google.android.wearable.standalone"
23-->src\main\AndroidManifest.xml:13:13-66
24            android:value="false" />
24-->src\main\AndroidManifest.xml:14:13-34
25
26        <activity
26-->src\main\AndroidManifest.xml:16:9-23:20
27            android:name="com.deezerwatch.app.MainActivity"
27-->src\main\AndroidManifest.xml:17:13-41
28            android:exported="true" >
28-->src\main\AndroidManifest.xml:18:13-36
29            <intent-filter>
29-->src\main\AndroidManifest.xml:19:13-22:29
30                <action android:name="android.intent.action.MAIN" />
30-->src\main\AndroidManifest.xml:20:17-69
30-->src\main\AndroidManifest.xml:20:25-66
31
32                <category android:name="android.intent.category.LAUNCHER" />
32-->src\main\AndroidManifest.xml:21:17-77
32-->src\main\AndroidManifest.xml:21:27-74
33            </intent-filter>
34        </activity>
35
36        <uses-library
36-->[androidx.wear:wear:1.3.0] AndroidManifest.xml:23:9-25:40
37            android:name="com.google.android.wearable"
37-->[androidx.wear:wear:1.3.0] AndroidManifest.xml:24:13-55
38            android:required="false" />
38-->[androidx.wear:wear:1.3.0] AndroidManifest.xml:25:13-37
39
40        <activity
40-->[com.google.android.gms:play-services-base:18.5.0] AndroidManifest.xml:5:9-173
41            android:name="com.google.android.gms.common.api.GoogleApiActivity"
41-->[com.google.android.gms:play-services-base:18.5.0] AndroidManifest.xml:5:19-85
42            android:exported="false"
42-->[com.google.android.gms:play-services-base:18.5.0] AndroidManifest.xml:5:146-170
43            android:theme="@android:style/Theme.Translucent.NoTitleBar" />
43-->[com.google.android.gms:play-services-base:18.5.0] AndroidManifest.xml:5:86-145
44
45        <meta-data
45-->[com.google.android.gms:play-services-basement:18.4.0] AndroidManifest.xml:6:9-122
46            android:name="com.google.android.gms.version"
46-->[com.google.android.gms:play-services-basement:18.4.0] AndroidManifest.xml:6:20-65
47            android:value="@integer/google_play_services_version" />
47-->[com.google.android.gms:play-services-basement:18.4.0] AndroidManifest.xml:6:66-119
48    </application>
49
50</manifest>